25/Sep/2011 15:39:09 INFO  com.zinnia.nectar.regression.hadoop.primitive.jobs.SortJob  - Sorting Job initialized
25/Sep/2011 15:39:09 WARN  com.zinnia.nectar.regression.hadoop.primitive.jobs.SortJob  - Sorting job: Processing...Do not terminate/close
25/Sep/2011 15:39:09 DEBUG com.zinnia.nectar.regression.hadoop.primitive.jobs.SortJob  - Sorting job: Mapping process started
25/Sep/2011 15:39:09 DEBUG com.zinnia.nectar.regression.hadoop.primitive.jobs.SortJob  - Sorting job: Mapping process completed
25/Sep/2011 15:39:09 DEBUG com.zinnia.nectar.regression.hadoop.primitive.jobs.SortJob  - Sorting job: Reducing process started
25/Sep/2011 15:40:19 ERROR com.zinnia.nectar.regression.hadoop.primitive.jobs.SortJob  - Exception occured: Output file cannot be read.
25/Sep/2011 15:40:19 DEBUG com.zinnia.nectar.regression.hadoop.primitive.jobs.SortJob  - File does not exist: /user/hadoop/output/output1316945347858-1001585016cc548c1e-eb49-406d-a2dd-4f94d94cf799/part-r-00000
	at org.apache.hadoop.hdfs.server.namenode.FSNamesystem.getBlockLocationsInternal(FSNamesystem.java:758)
	at org.apache.hadoop.hdfs.server.namenode.FSNamesystem.getBlockLocations(FSNamesystem.java:741)
	at org.apache.hadoop.hdfs.server.namenode.FSNamesystem.getBlockLocations(FSNamesystem.java:712)
	at org.apache.hadoop.hdfs.server.namenode.NameNode.getBlockLocations(NameNode.java:589)
	at sun.reflect.NativeMethodAccessorImpl.invoke0(Native Method)
	at sun.reflect.NativeMethodAccessorImpl.invoke(NativeMethodAccessorImpl.java:39)
	at sun.reflect.DelegatingMethodAccessorImpl.invoke(DelegatingMethodAccessorImpl.java:25)
	at java.lang.reflect.Method.invoke(Method.java:597)
	at org.apache.hadoop.ipc.WritableRpcEngine$Server.call(WritableRpcEngine.java:342)
	at org.apache.hadoop.ipc.Server$Handler$1.run(Server.java:1350)
	at org.apache.hadoop.ipc.Server$Handler$1.run(Server.java:1346)
	at java.security.AccessController.doPrivileged(Native Method)
	at javax.security.auth.Subject.doAs(Subject.java:396)
	at org.apache.hadoop.security.UserGroupInformation.doAs(UserGroupInformation.java:742)
	at org.apache.hadoop.ipc.Server$Handler.run(Server.java:1344)

25/Sep/2011 15:40:19 DEBUG com.zinnia.nectar.regression.hadoop.primitive.jobs.SortJob  - Sorting Job terminated abruptly

25/Sep/2011 15:43:10 INFO  com.zinnia.nectar.regression.hadoop.primitive.jobs.SigmaJob  - Sigma Job initialized
25/Sep/2011 15:43:10 INFO  com.zinnia.nectar.regression.hadoop.primitive.jobs.SigmaJob  - Sigma Job initialized
25/Sep/2011 15:43:10 WARN  com.zinnia.nectar.regression.hadoop.primitive.jobs.SigmaJob  - Sigma job: Processing...Do not terminate/close
25/Sep/2011 15:43:10 DEBUG com.zinnia.nectar.regression.hadoop.primitive.jobs.SigmaJob  - Sigma job: Mapping process started
25/Sep/2011 15:43:10 INFO  com.zinnia.nectar.regression.hadoop.primitive.jobs.SigmaXYJob  - SigmaXY Job initialized
25/Sep/2011 15:43:10 WARN  com.zinnia.nectar.regression.hadoop.primitive.jobs.SigmaXYJob  - SigmaXY job: Processing...Do not terminate/close
25/Sep/2011 15:43:10 DEBUG com.zinnia.nectar.regression.hadoop.primitive.jobs.SigmaXYJob  - SigmaXY job: Mapping process started
25/Sep/2011 15:43:10 WARN  com.zinnia.nectar.regression.hadoop.primitive.jobs.SigmaJob  - Sigma job: Processing...Do not terminate/close
25/Sep/2011 15:43:10 DEBUG com.zinnia.nectar.regression.hadoop.primitive.jobs.SigmaJob  - Sigma job: Mapping process started
25/Sep/2011 15:43:11 DEBUG com.zinnia.nectar.regression.hadoop.primitive.jobs.SigmaJob  - Sigma job: Mapping process completed
25/Sep/2011 15:43:11 DEBUG com.zinnia.nectar.regression.hadoop.primitive.jobs.SigmaJob  - Sigma job: Reducing process started
25/Sep/2011 15:43:11 DEBUG com.zinnia.nectar.regression.hadoop.primitive.jobs.SigmaJob  - Sigma job: Mapping process completed
25/Sep/2011 15:43:11 DEBUG com.zinnia.nectar.regression.hadoop.primitive.jobs.SigmaJob  - Sigma job: Reducing process started
25/Sep/2011 15:43:11 DEBUG com.zinnia.nectar.regression.hadoop.primitive.jobs.SigmaXYJob  - SigmaXY job: Mapping process completed
25/Sep/2011 15:43:11 DEBUG com.zinnia.nectar.regression.hadoop.primitive.jobs.SigmaXYJob  - SigmaXY job: Reducing process started
25/Sep/2011 15:43:41 DEBUG com.zinnia.nectar.regression.hadoop.primitive.jobs.SigmaXYJob  - SigmaXY job: Reducing process completed
25/Sep/2011 15:43:41 INFO  com.zinnia.nectar.regression.hadoop.primitive.jobs.SigmaXYJob  - SigmaXY Job completed

25/Sep/2011 15:43:51 DEBUG com.zinnia.nectar.regression.hadoop.primitive.jobs.SigmaJob  - Sigma job: Reducing process completed
25/Sep/2011 15:43:51 INFO  com.zinnia.nectar.regression.hadoop.primitive.jobs.SigmaJob  - Sigma Job completed

25/Sep/2011 15:44:01 DEBUG com.zinnia.nectar.regression.hadoop.primitive.jobs.SigmaJob  - Sigma job: Reducing process completed
25/Sep/2011 15:44:01 INFO  com.zinnia.nectar.regression.hadoop.primitive.jobs.SigmaJob  - Sigma Job completed

25/Sep/2011 15:48:56 INFO  com.zinnia.nectar.regression.hadoop.primitive.jobs.SigmaXYJob  - SigmaXY Job initialized
25/Sep/2011 15:48:56 INFO  com.zinnia.nectar.regression.hadoop.primitive.jobs.SigmaJob  - Sigma Job initialized
25/Sep/2011 15:48:56 INFO  com.zinnia.nectar.regression.hadoop.primitive.jobs.SigmaJob  - Sigma Job initialized
25/Sep/2011 15:48:56 WARN  com.zinnia.nectar.regression.hadoop.primitive.jobs.SigmaXYJob  - SigmaXY job: Processing...Do not terminate/close
25/Sep/2011 15:48:56 WARN  com.zinnia.nectar.regression.hadoop.primitive.jobs.SigmaJob  - Sigma job: Processing...Do not terminate/close
25/Sep/2011 15:48:56 WARN  com.zinnia.nectar.regression.hadoop.primitive.jobs.SigmaJob  - Sigma job: Processing...Do not terminate/close
25/Sep/2011 15:48:56 DEBUG com.zinnia.nectar.regression.hadoop.primitive.jobs.SigmaXYJob  - SigmaXY job: Mapping process started
25/Sep/2011 15:48:56 DEBUG com.zinnia.nectar.regression.hadoop.primitive.jobs.SigmaJob  - Sigma job: Mapping process started
25/Sep/2011 15:48:56 DEBUG com.zinnia.nectar.regression.hadoop.primitive.jobs.SigmaJob  - Sigma job: Mapping process started
25/Sep/2011 15:48:57 DEBUG com.zinnia.nectar.regression.hadoop.primitive.jobs.SigmaJob  - Sigma job: Mapping process completed
25/Sep/2011 15:48:57 DEBUG com.zinnia.nectar.regression.hadoop.primitive.jobs.SigmaJob  - Sigma job: Reducing process started
25/Sep/2011 15:48:57 DEBUG com.zinnia.nectar.regression.hadoop.primitive.jobs.SigmaJob  - Sigma job: Mapping process completed
25/Sep/2011 15:48:57 DEBUG com.zinnia.nectar.regression.hadoop.primitive.jobs.SigmaJob  - Sigma job: Reducing process started
25/Sep/2011 15:48:57 DEBUG com.zinnia.nectar.regression.hadoop.primitive.jobs.SigmaXYJob  - SigmaXY job: Mapping process completed
25/Sep/2011 15:48:57 DEBUG com.zinnia.nectar.regression.hadoop.primitive.jobs.SigmaXYJob  - SigmaXY job: Reducing process started
25/Sep/2011 15:49:27 DEBUG com.zinnia.nectar.regression.hadoop.primitive.jobs.SigmaJob  - Sigma job: Reducing process completed
25/Sep/2011 15:49:27 INFO  com.zinnia.nectar.regression.hadoop.primitive.jobs.SigmaJob  - Sigma Job completed

25/Sep/2011 15:50:07 ERROR com.zinnia.nectar.regression.hadoop.primitive.jobs.SigmaJob  - Exception occured: Output file cannot be read.
25/Sep/2011 15:50:07 DEBUG com.zinnia.nectar.regression.hadoop.primitive.jobs.SigmaJob  - File does not exist: /user/hadoop/output/output1316945936004-1001585016265340a1-7ee8-4ff5-bbc3-e747e1ad2010/part-r-00000
	at org.apache.hadoop.hdfs.server.namenode.FSNamesystem.getBlockLocationsInternal(FSNamesystem.java:758)
	at org.apache.hadoop.hdfs.server.namenode.FSNamesystem.getBlockLocations(FSNamesystem.java:741)
	at org.apache.hadoop.hdfs.server.namenode.FSNamesystem.getBlockLocations(FSNamesystem.java:712)
	at org.apache.hadoop.hdfs.server.namenode.NameNode.getBlockLocations(NameNode.java:589)
	at sun.reflect.GeneratedMethodAccessor7.invoke(Unknown Source)
	at sun.reflect.DelegatingMethodAccessorImpl.invoke(DelegatingMethodAccessorImpl.java:25)
	at java.lang.reflect.Method.invoke(Method.java:597)
	at org.apache.hadoop.ipc.WritableRpcEngine$Server.call(WritableRpcEngine.java:342)
	at org.apache.hadoop.ipc.Server$Handler$1.run(Server.java:1350)
	at org.apache.hadoop.ipc.Server$Handler$1.run(Server.java:1346)
	at java.security.AccessController.doPrivileged(Native Method)
	at javax.security.auth.Subject.doAs(Subject.java:396)
	at org.apache.hadoop.security.UserGroupInformation.doAs(UserGroupInformation.java:742)
	at org.apache.hadoop.ipc.Server$Handler.run(Server.java:1344)

25/Sep/2011 15:50:07 DEBUG com.zinnia.nectar.regression.hadoop.primitive.jobs.SigmaJob  - Sigma Job terminated abruptly

25/Sep/2011 15:50:17 ERROR com.zinnia.nectar.regression.hadoop.primitive.jobs.SigmaXYJob  - Exception occured: Output file cannot be read.
25/Sep/2011 15:50:17 DEBUG com.zinnia.nectar.regression.hadoop.primitive.jobs.SigmaXYJob  - File does not exist: /user/hadoop/output/output13169459361921815817294935194a2-34bd-4953-9325-592e15fcf6db/part-r-00000
	at org.apache.hadoop.hdfs.server.namenode.FSNamesystem.getBlockLocationsInternal(FSNamesystem.java:758)
	at org.apache.hadoop.hdfs.server.namenode.FSNamesystem.getBlockLocations(FSNamesystem.java:741)
	at org.apache.hadoop.hdfs.server.namenode.FSNamesystem.getBlockLocations(FSNamesystem.java:712)
	at org.apache.hadoop.hdfs.server.namenode.NameNode.getBlockLocations(NameNode.java:589)
	at sun.reflect.GeneratedMethodAccessor7.invoke(Unknown Source)
	at sun.reflect.DelegatingMethodAccessorImpl.invoke(DelegatingMethodAccessorImpl.java:25)
	at java.lang.reflect.Method.invoke(Method.java:597)
	at org.apache.hadoop.ipc.WritableRpcEngine$Server.call(WritableRpcEngine.java:342)
	at org.apache.hadoop.ipc.Server$Handler$1.run(Server.java:1350)
	at org.apache.hadoop.ipc.Server$Handler$1.run(Server.java:1346)
	at java.security.AccessController.doPrivileged(Native Method)
	at javax.security.auth.Subject.doAs(Subject.java:396)
	at org.apache.hadoop.security.UserGroupInformation.doAs(UserGroupInformation.java:742)
	at org.apache.hadoop.ipc.Server$Handler.run(Server.java:1344)

25/Sep/2011 15:50:17 DEBUG com.zinnia.nectar.regression.hadoop.primitive.jobs.SigmaXYJob  - SigmaXY Job terminated abruptly

26/Sep/2011 17:16:30 INFO  com.zinnia.nectar.regression.hadoop.primitive.jobs.SigmaJob  - Sigma Job initialized
26/Sep/2011 17:16:30 INFO  com.zinnia.nectar.regression.hadoop.primitive.jobs.SigmaSqJob  - Sigma square Job initialized
26/Sep/2011 17:16:30 INFO  com.zinnia.nectar.regression.hadoop.primitive.jobs.SigmaJob  - Sigma Job initialized
26/Sep/2011 17:16:30 WARN  com.zinnia.nectar.regression.hadoop.primitive.jobs.SigmaJob  - Sigma job: Processing...Do not terminate/close
26/Sep/2011 17:16:30 INFO  com.zinnia.nectar.regression.hadoop.primitive.jobs.SigmaSqJob  - Sigma square Job initialized
26/Sep/2011 17:16:30 WARN  com.zinnia.nectar.regression.hadoop.primitive.jobs.SigmaSqJob  - Sigma square job: Processing...Do not terminate/close
26/Sep/2011 17:16:30 DEBUG com.zinnia.nectar.regression.hadoop.primitive.jobs.SigmaJob  - Sigma job: Mapping process started
26/Sep/2011 17:16:30 WARN  com.zinnia.nectar.regression.hadoop.primitive.jobs.SigmaSqJob  - Sigma square job: Processing...Do not terminate/close
26/Sep/2011 17:16:30 DEBUG com.zinnia.nectar.regression.hadoop.primitive.jobs.SigmaSqJob  - Sigma square job: Mapping process started
26/Sep/2011 17:16:30 WARN  com.zinnia.nectar.regression.hadoop.primitive.jobs.SigmaJob  - Sigma job: Processing...Do not terminate/close
26/Sep/2011 17:16:30 DEBUG com.zinnia.nectar.regression.hadoop.primitive.jobs.SigmaJob  - Sigma job: Mapping process started
26/Sep/2011 17:16:30 DEBUG com.zinnia.nectar.regression.hadoop.primitive.jobs.SigmaSqJob  - Sigma square job: Mapping process started
26/Sep/2011 17:16:31 DEBUG com.zinnia.nectar.regression.hadoop.primitive.jobs.SigmaSqJob  - Sigma square job: Mapping process completed
26/Sep/2011 17:16:31 DEBUG com.zinnia.nectar.regression.hadoop.primitive.jobs.SigmaSqJob  - Sigma square job: Reducing process started
26/Sep/2011 17:16:31 DEBUG com.zinnia.nectar.regression.hadoop.primitive.jobs.SigmaSqJob  - Sigma square job: Mapping process completed
26/Sep/2011 17:16:31 DEBUG com.zinnia.nectar.regression.hadoop.primitive.jobs.SigmaSqJob  - Sigma square job: Reducing process started
26/Sep/2011 17:16:31 DEBUG com.zinnia.nectar.regression.hadoop.primitive.jobs.SigmaJob  - Sigma job: Mapping process completed
26/Sep/2011 17:16:31 DEBUG com.zinnia.nectar.regression.hadoop.primitive.jobs.SigmaJob  - Sigma job: Reducing process started
26/Sep/2011 17:16:31 DEBUG com.zinnia.nectar.regression.hadoop.primitive.jobs.SigmaJob  - Sigma job: Mapping process completed
26/Sep/2011 17:16:31 DEBUG com.zinnia.nectar.regression.hadoop.primitive.jobs.SigmaJob  - Sigma job: Reducing process started
26/Sep/2011 17:18:05 DEBUG com.zinnia.nectar.regression.hadoop.primitive.jobs.SigmaSqJob  - Sigma square job: Reducing process completed
26/Sep/2011 17:18:05 INFO  com.zinnia.nectar.regression.hadoop.primitive.jobs.SigmaSqJob  - Sigma square Job completed

26/Sep/2011 17:18:05 DEBUG com.zinnia.nectar.regression.hadoop.primitive.jobs.SigmaSqJob  - Sigma square job: Reducing process completed
26/Sep/2011 17:18:05 INFO  com.zinnia.nectar.regression.hadoop.primitive.jobs.SigmaSqJob  - Sigma square Job completed

26/Sep/2011 17:18:13 DEBUG com.zinnia.nectar.regression.hadoop.primitive.jobs.SigmaJob  - Sigma job: Reducing process completed
26/Sep/2011 17:18:13 INFO  com.zinnia.nectar.regression.hadoop.primitive.jobs.SigmaJob  - Sigma Job completed

26/Sep/2011 17:18:15 DEBUG com.zinnia.nectar.regression.hadoop.primitive.jobs.SigmaJob  - Sigma job: Reducing process completed
26/Sep/2011 17:18:15 INFO  com.zinnia.nectar.regression.hadoop.primitive.jobs.SigmaJob  - Sigma Job completed

26/Sep/2011 17:18:15 INFO  com.zinnia.nectar.regression.hadoop.primitive.jobs.MeanJob  - Mean Job initialized
26/Sep/2011 17:18:15 WARN  com.zinnia.nectar.regression.hadoop.primitive.jobs.MeanJob  - Mean job: Processing...Do not terminate/close
26/Sep/2011 17:18:15 DEBUG com.zinnia.nectar.regression.hadoop.primitive.jobs.MeanJob  - Mean job: Mapping process started
26/Sep/2011 17:18:15 INFO  com.zinnia.nectar.regression.hadoop.primitive.jobs.MeanJob  - Mean Job initialized
26/Sep/2011 17:18:15 WARN  com.zinnia.nectar.regression.hadoop.primitive.jobs.MeanJob  - Mean job: Processing...Do not terminate/close
26/Sep/2011 17:18:15 DEBUG com.zinnia.nectar.regression.hadoop.primitive.jobs.MeanJob  - Mean job: Mapping process started
26/Sep/2011 17:18:16 DEBUG com.zinnia.nectar.regression.hadoop.primitive.jobs.MeanJob  - Mean job: Mapping process completed
26/Sep/2011 17:18:16 DEBUG com.zinnia.nectar.regression.hadoop.primitive.jobs.MeanJob  - Mean job: Reducing process started
26/Sep/2011 17:18:16 DEBUG com.zinnia.nectar.regression.hadoop.primitive.jobs.MeanJob  - Mean job: Mapping process completed
26/Sep/2011 17:18:16 DEBUG com.zinnia.nectar.regression.hadoop.primitive.jobs.MeanJob  - Mean job: Reducing process started
26/Sep/2011 17:18:46 DEBUG com.zinnia.nectar.regression.hadoop.primitive.jobs.MeanJob  - Mean job: Reducing process completed
26/Sep/2011 17:18:46 INFO  com.zinnia.nectar.regression.hadoop.primitive.jobs.MeanJob  - Mean Job completed

26/Sep/2011 17:18:56 DEBUG com.zinnia.nectar.regression.hadoop.primitive.jobs.MeanJob  - Mean job: Reducing process completed
26/Sep/2011 17:18:56 INFO  com.zinnia.nectar.regression.hadoop.primitive.jobs.MeanJob  - Mean Job completed

26/Sep/2011 17:18:56 INFO  com.zinnia.nectar.regression.hadoop.primitive.jobs.SigmaSqJob  - Sigma square Job initialized
26/Sep/2011 17:18:56 WARN  com.zinnia.nectar.regression.hadoop.primitive.jobs.SigmaSqJob  - Sigma square job: Processing...Do not terminate/close
26/Sep/2011 17:18:56 DEBUG com.zinnia.nectar.regression.hadoop.primitive.jobs.SigmaSqJob  - Sigma square job: Mapping process started
26/Sep/2011 17:18:56 INFO  com.zinnia.nectar.regression.hadoop.primitive.jobs.SigmaJob  - Sigma Job initialized
26/Sep/2011 17:18:56 WARN  com.zinnia.nectar.regression.hadoop.primitive.jobs.SigmaJob  - Sigma job: Processing...Do not terminate/close
26/Sep/2011 17:18:56 DEBUG com.zinnia.nectar.regression.hadoop.primitive.jobs.SigmaJob  - Sigma job: Mapping process started
26/Sep/2011 17:18:56 INFO  com.zinnia.nectar.regression.hadoop.primitive.jobs.SigmaXYJob  - SigmaXY Job initialized
26/Sep/2011 17:18:56 WARN  com.zinnia.nectar.regression.hadoop.primitive.jobs.SigmaXYJob  - SigmaXY job: Processing...Do not terminate/close
26/Sep/2011 17:18:56 DEBUG com.zinnia.nectar.regression.hadoop.primitive.jobs.SigmaXYJob  - SigmaXY job: Mapping process started
26/Sep/2011 17:18:56 INFO  com.zinnia.nectar.regression.hadoop.primitive.jobs.SigmaJob  - Sigma Job initialized
26/Sep/2011 17:18:56 WARN  com.zinnia.nectar.regression.hadoop.primitive.jobs.SigmaJob  - Sigma job: Processing...Do not terminate/close
26/Sep/2011 17:18:56 DEBUG com.zinnia.nectar.regression.hadoop.primitive.jobs.SigmaJob  - Sigma job: Mapping process started
26/Sep/2011 17:18:56 DEBUG com.zinnia.nectar.regression.hadoop.primitive.jobs.SigmaJob  - Sigma job: Mapping process completed
26/Sep/2011 17:18:56 DEBUG com.zinnia.nectar.regression.hadoop.primitive.jobs.SigmaJob  - Sigma job: Reducing process started
26/Sep/2011 17:18:56 DEBUG com.zinnia.nectar.regression.hadoop.primitive.jobs.SigmaSqJob  - Sigma square job: Mapping process completed
26/Sep/2011 17:18:56 DEBUG com.zinnia.nectar.regression.hadoop.primitive.jobs.SigmaSqJob  - Sigma square job: Reducing process started
26/Sep/2011 17:18:56 DEBUG com.zinnia.nectar.regression.hadoop.primitive.jobs.SigmaJob  - Sigma job: Mapping process completed
26/Sep/2011 17:18:56 DEBUG com.zinnia.nectar.regression.hadoop.primitive.jobs.SigmaJob  - Sigma job: Reducing process started
26/Sep/2011 17:18:56 DEBUG com.zinnia.nectar.regression.hadoop.primitive.jobs.SigmaXYJob  - SigmaXY job: Mapping process completed
26/Sep/2011 17:18:56 DEBUG com.zinnia.nectar.regression.hadoop.primitive.jobs.SigmaXYJob  - SigmaXY job: Reducing process started
26/Sep/2011 17:19:36 DEBUG com.zinnia.nectar.regression.hadoop.primitive.jobs.SigmaJob  - Sigma job: Reducing process completed
26/Sep/2011 17:19:36 INFO  com.zinnia.nectar.regression.hadoop.primitive.jobs.SigmaJob  - Sigma Job completed

26/Sep/2011 17:19:36 INFO  com.zinnia.nectar.regression.hadoop.primitive.jobs.SigmaSqJob  - Sigma square Job initialized
26/Sep/2011 17:19:36 WARN  com.zinnia.nectar.regression.hadoop.primitive.jobs.SigmaSqJob  - Sigma square job: Processing...Do not terminate/close
26/Sep/2011 17:19:36 DEBUG com.zinnia.nectar.regression.hadoop.primitive.jobs.SigmaSqJob  - Sigma square job: Mapping process started
26/Sep/2011 17:19:36 DEBUG com.zinnia.nectar.regression.hadoop.primitive.jobs.SigmaSqJob  - Sigma square job: Mapping process completed
26/Sep/2011 17:19:36 DEBUG com.zinnia.nectar.regression.hadoop.primitive.jobs.SigmaSqJob  - Sigma square job: Reducing process started
26/Sep/2011 17:19:46 DEBUG com.zinnia.nectar.regression.hadoop.primitive.jobs.SigmaJob  - Sigma job: Reducing process completed
26/Sep/2011 17:19:46 INFO  com.zinnia.nectar.regression.hadoop.primitive.jobs.SigmaJob  - Sigma Job completed

26/Sep/2011 17:19:46 DEBUG com.zinnia.nectar.regression.hadoop.primitive.jobs.SigmaXYJob  - SigmaXY job: Reducing process completed
26/Sep/2011 17:19:46 INFO  com.zinnia.nectar.regression.hadoop.primitive.jobs.SigmaXYJob  - SigmaXY Job completed

26/Sep/2011 17:19:56 DEBUG com.zinnia.nectar.regression.hadoop.primitive.jobs.SigmaSqJob  - Sigma square job: Reducing process completed
26/Sep/2011 17:19:56 INFO  com.zinnia.nectar.regression.hadoop.primitive.jobs.SigmaSqJob  - Sigma square Job completed

26/Sep/2011 17:20:06 DEBUG com.zinnia.nectar.regression.hadoop.primitive.jobs.SigmaSqJob  - Sigma square job: Reducing process completed
26/Sep/2011 17:20:06 INFO  com.zinnia.nectar.regression.hadoop.primitive.jobs.SigmaSqJob  - Sigma square Job completed

30/Sep/2011 11:03:33 INFO  com.zinnia.nectar.regression.hadoop.primitive.jobs.SigmaJob  - Sigma Job initialized
30/Sep/2011 11:03:33 WARN  com.zinnia.nectar.regression.hadoop.primitive.jobs.SigmaJob  - Sigma job: Processing...Do not terminate/close
30/Sep/2011 11:03:33 DEBUG com.zinnia.nectar.regression.hadoop.primitive.jobs.SigmaJob  - Sigma job: Mapping process started
30/Sep/2011 11:03:33 INFO  com.zinnia.nectar.regression.hadoop.primitive.jobs.SigmaXYJob  - SigmaXY Job initialized
30/Sep/2011 11:03:33 INFO  com.zinnia.nectar.regression.hadoop.primitive.jobs.SigmaXYJob  - SigmaXY Job initialized
30/Sep/2011 11:03:33 INFO  com.zinnia.nectar.regression.hadoop.primitive.jobs.SigmaJob  - Sigma Job initialized
30/Sep/2011 11:03:33 INFO  com.zinnia.nectar.regression.hadoop.primitive.jobs.SigmaJob  - Sigma Job initialized
30/Sep/2011 11:03:33 WARN  com.zinnia.nectar.regression.hadoop.primitive.jobs.SigmaJob  - Sigma job: Processing...Do not terminate/close
30/Sep/2011 11:03:33 DEBUG com.zinnia.nectar.regression.hadoop.primitive.jobs.SigmaJob  - Sigma job: Mapping process started
30/Sep/2011 11:03:33 INFO  com.zinnia.nectar.regression.hadoop.primitive.jobs.SigmaJob  - Sigma Job initialized
30/Sep/2011 11:03:33 INFO  com.zinnia.nectar.regression.hadoop.primitive.jobs.SigmaJob  - Sigma Job initialized
30/Sep/2011 11:03:33 INFO  com.zinnia.nectar.regression.hadoop.primitive.jobs.SigmaJob  - Sigma Job initialized
30/Sep/2011 11:03:33 WARN  com.zinnia.nectar.regression.hadoop.primitive.jobs.SigmaJob  - Sigma job: Processing...Do not terminate/close
30/Sep/2011 11:03:33 DEBUG com.zinnia.nectar.regression.hadoop.primitive.jobs.SigmaJob  - Sigma job: Mapping process started
30/Sep/2011 11:03:33 INFO  com.zinnia.nectar.regression.hadoop.primitive.jobs.SigmaXYJob  - SigmaXY Job initialized
30/Sep/2011 11:03:33 WARN  com.zinnia.nectar.regression.hadoop.primitive.jobs.SigmaXYJob  - SigmaXY job: Processing...Do not terminate/close
30/Sep/2011 11:03:33 DEBUG com.zinnia.nectar.regression.hadoop.primitive.jobs.SigmaXYJob  - SigmaXY job: Mapping process started
30/Sep/2011 11:03:33 WARN  com.zinnia.nectar.regression.hadoop.primitive.jobs.SigmaJob  - Sigma job: Processing...Do not terminate/close
30/Sep/2011 11:03:33 DEBUG com.zinnia.nectar.regression.hadoop.primitive.jobs.SigmaJob  - Sigma job: Mapping process started
30/Sep/2011 11:03:33 WARN  com.zinnia.nectar.regression.hadoop.primitive.jobs.SigmaJob  - Sigma job: Processing...Do not terminate/close
30/Sep/2011 11:03:33 DEBUG com.zinnia.nectar.regression.hadoop.primitive.jobs.SigmaJob  - Sigma job: Mapping process started
30/Sep/2011 11:03:33 WARN  com.zinnia.nectar.regression.hadoop.primitive.jobs.SigmaJob  - Sigma job: Processing...Do not terminate/close
30/Sep/2011 11:03:33 DEBUG com.zinnia.nectar.regression.hadoop.primitive.jobs.SigmaJob  - Sigma job: Mapping process started
30/Sep/2011 11:03:33 WARN  com.zinnia.nectar.regression.hadoop.primitive.jobs.SigmaXYJob  - SigmaXY job: Processing...Do not terminate/close
30/Sep/2011 11:03:33 DEBUG com.zinnia.nectar.regression.hadoop.primitive.jobs.SigmaXYJob  - SigmaXY job: Mapping process started
30/Sep/2011 11:03:33 WARN  com.zinnia.nectar.regression.hadoop.primitive.jobs.SigmaXYJob  - SigmaXY job: Processing...Do not terminate/close
30/Sep/2011 11:03:33 DEBUG com.zinnia.nectar.regression.hadoop.primitive.jobs.SigmaXYJob  - SigmaXY job: Mapping process started
30/Sep/2011 11:03:33 DEBUG com.zinnia.nectar.regression.hadoop.primitive.jobs.SigmaJob  - Sigma job: Mapping process completed
30/Sep/2011 11:03:33 DEBUG com.zinnia.nectar.regression.hadoop.primitive.jobs.SigmaJob  - Sigma job: Reducing process started
30/Sep/2011 11:03:33 DEBUG com.zinnia.nectar.regression.hadoop.primitive.jobs.SigmaJob  - Sigma job: Mapping process completed
30/Sep/2011 11:03:33 DEBUG com.zinnia.nectar.regression.hadoop.primitive.jobs.SigmaJob  - Sigma job: Reducing process started
30/Sep/2011 11:03:33 DEBUG com.zinnia.nectar.regression.hadoop.primitive.jobs.SigmaJob  - Sigma job: Mapping process completed
30/Sep/2011 11:03:33 DEBUG com.zinnia.nectar.regression.hadoop.primitive.jobs.SigmaJob  - Sigma job: Reducing process started
30/Sep/2011 11:03:33 DEBUG com.zinnia.nectar.regression.hadoop.primitive.jobs.SigmaJob  - Sigma job: Mapping process completed
30/Sep/2011 11:03:33 DEBUG com.zinnia.nectar.regression.hadoop.primitive.jobs.SigmaJob  - Sigma job: Reducing process started
30/Sep/2011 11:03:33 DEBUG com.zinnia.nectar.regression.hadoop.primitive.jobs.SigmaJob  - Sigma job: Mapping process completed
30/Sep/2011 11:03:33 DEBUG com.zinnia.nectar.regression.hadoop.primitive.jobs.SigmaJob  - Sigma job: Reducing process started
30/Sep/2011 11:03:33 DEBUG com.zinnia.nectar.regression.hadoop.primitive.jobs.SigmaXYJob  - SigmaXY job: Mapping process completed
30/Sep/2011 11:03:33 DEBUG com.zinnia.nectar.regression.hadoop.primitive.jobs.SigmaXYJob  - SigmaXY job: Reducing process started
30/Sep/2011 11:03:33 DEBUG com.zinnia.nectar.regression.hadoop.primitive.jobs.SigmaJob  - Sigma job: Mapping process completed
30/Sep/2011 11:03:33 DEBUG com.zinnia.nectar.regression.hadoop.primitive.jobs.SigmaJob  - Sigma job: Reducing process started
30/Sep/2011 11:03:33 DEBUG com.zinnia.nectar.regression.hadoop.primitive.jobs.SigmaXYJob  - SigmaXY job: Mapping process completed
30/Sep/2011 11:03:33 DEBUG com.zinnia.nectar.regression.hadoop.primitive.jobs.SigmaXYJob  - SigmaXY job: Reducing process started
30/Sep/2011 11:03:33 DEBUG com.zinnia.nectar.regression.hadoop.primitive.jobs.SigmaXYJob  - SigmaXY job: Mapping process completed
30/Sep/2011 11:03:33 DEBUG com.zinnia.nectar.regression.hadoop.primitive.jobs.SigmaXYJob  - SigmaXY job: Reducing process started
30/Sep/2011 11:11:33 DEBUG com.zinnia.nectar.regression.hadoop.primitive.jobs.SigmaXYJob  - SigmaXY job: Reducing process completed
30/Sep/2011 11:11:33 DEBUG com.zinnia.nectar.regression.hadoop.primitive.jobs.SigmaJob  - Sigma job: Reducing process completed
30/Sep/2011 11:11:33 INFO  com.zinnia.nectar.regression.hadoop.primitive.jobs.SigmaXYJob  - SigmaXY Job completed

30/Sep/2011 11:11:33 INFO  com.zinnia.nectar.regression.hadoop.primitive.jobs.SigmaJob  - Sigma Job completed

30/Sep/2011 11:11:42 DEBUG com.zinnia.nectar.regression.hadoop.primitive.jobs.SigmaJob  - Sigma job: Reducing process completed
30/Sep/2011 11:11:42 INFO  com.zinnia.nectar.regression.hadoop.primitive.jobs.SigmaJob  - Sigma Job completed

30/Sep/2011 11:11:52 DEBUG com.zinnia.nectar.regression.hadoop.primitive.jobs.SigmaJob  - Sigma job: Reducing process completed
30/Sep/2011 11:11:52 INFO  com.zinnia.nectar.regression.hadoop.primitive.jobs.SigmaJob  - Sigma Job completed

30/Sep/2011 11:12:02 DEBUG com.zinnia.nectar.regression.hadoop.primitive.jobs.SigmaJob  - Sigma job: Reducing process completed
30/Sep/2011 11:12:02 INFO  com.zinnia.nectar.regression.hadoop.primitive.jobs.SigmaJob  - Sigma Job completed

30/Sep/2011 11:12:02 DEBUG com.zinnia.nectar.regression.hadoop.primitive.jobs.SigmaJob  - Sigma job: Reducing process completed
30/Sep/2011 11:12:02 INFO  com.zinnia.nectar.regression.hadoop.primitive.jobs.SigmaJob  - Sigma Job completed

30/Sep/2011 11:12:12 DEBUG com.zinnia.nectar.regression.hadoop.primitive.jobs.SigmaJob  - Sigma job: Reducing process completed
30/Sep/2011 11:12:12 INFO  com.zinnia.nectar.regression.hadoop.primitive.jobs.SigmaJob  - Sigma Job completed

30/Sep/2011 11:12:22 DEBUG com.zinnia.nectar.regression.hadoop.primitive.jobs.SigmaXYJob  - SigmaXY job: Reducing process completed
30/Sep/2011 11:12:22 INFO  com.zinnia.nectar.regression.hadoop.primitive.jobs.SigmaXYJob  - SigmaXY Job completed

30/Sep/2011 11:12:22 DEBUG com.zinnia.nectar.regression.hadoop.primitive.jobs.SigmaXYJob  - SigmaXY job: Reducing process completed
30/Sep/2011 11:12:22 INFO  com.zinnia.nectar.regression.hadoop.primitive.jobs.SigmaXYJob  - SigmaXY Job completed

